<?xml version="1.0" encoding="UTF-8"?>
<!-- Generated by org.testng.reporters.JUnitReportReporter -->
<testsuite hostname="EPHUBUDW0807" name="com.fortune.cookie.wisdom.web.transformer.WisdomToWisdomResponseTransformerTest" tests="1" failures="0" timestamp="6 Mar 2017 15:05:15 GMT" time="0.140" errors="0">
  <testcase name="testConvertShouldConvertProperly" time="0.140" classname="com.fortune.cookie.wisdom.web.transformer.WisdomToWisdomResponseTransformerTest"/>
</testsuite> <!-- com.fortune.cookie.wisdom.web.transformer.WisdomToWisdomResponseTransformerTest -->
